Drill report for HackPad Orgins.kicad_pcb
Created on 2026-06-25T11:23:39

Copper Layer Stackup:
    =============================================================
    L1 :  F.Cu                      front
    L2 :  B.Cu                      back


Drill file 'HackPad Orgins-PTH-drl.gbr' contains
    plated through holes:
    =============================================================
    T1  1.000mm  0.0394"  (14 holes))
    T2  1.020mm  0.0402"  (8 holes))
    T3  1.500mm  0.0591"  (6 holes))

    Total plated holes count 28


Drill file 'HackPad Orgins-NPTH-drl.gbr' contains
    unplated through holes:
    =============================================================
    T1  1.100mm  0.0433"  (2 holes))
    T2  1.700mm  0.0669"  (6 holes))
    T3  2.700mm  0.1063"  (3 holes))
    T4  4.000mm  0.1575"  (3 holes))

    Total unplated holes count 14
